{"/media/robi/DATA 2/hacktiv8/phase3/minggu3/certify2/server/app.js": {"path":"/media/robi/DATA 2/hacktiv8/phase3/minggu3/certify2/server/app.js","statementMap":{"0":{"start":{"line":1,"column":10},"end":{"line":1,"column":30}},"1":{"start":{"line":3,"column":0},"end":{"line":5,"column":1}},"2":{"start":{"line":4,"column":2},"end":{"line":4,"column":29}},"3":{"start":{"line":7,"column":16},"end":{"line":7,"column":34}},"4":{"start":{"line":8,"column":12},"end":{"line":8,"column":21}},"5":{"start":{"line":9,"column":15},"end":{"line":9,"column":40}},"6":{"start":{"line":10,"column":13},"end":{"line":10,"column":28}},"7":{"start":{"line":11,"column":21},"end":{"line":11,"column":58}},"8":{"start":{"line":12,"column":13},"end":{"line":12,"column":37}},"9":{"start":{"line":14,"column":0},"end":{"line":14,"column":16}},"10":{"start":{"line":15,"column":0},"end":{"line":15,"column":24}},"11":{"start":{"line":16,"column":0},"end":{"line":16,"column":48}},"12":{"start":{"line":18,"column":0},"end":{"line":18,"column":16}},"13":{"start":{"line":20,"column":0},"end":{"line":20,"column":21}},"14":{"start":{"line":22,"column":0},"end":{"line":22,"column":21}}},"fnMap":{},"branchMap":{"0":{"loc":{"start":{"line":3,"column":0},"end":{"line":5,"column":1}},"type":"if","locations":[{"start":{"line":3,"column":0},"end":{"line":5,"column":1}},{"start":{"line":3,"column":0},"end":{"line":5,"column":1}}],"line":3},"1":{"loc":{"start":{"line":3,"column":4},"end":{"line":3,"column":43}},"type":"binary-expr","locations":[{"start":{"line":3,"column":4},"end":{"line":3,"column":25}},{"start":{"line":3,"column":29},"end":{"line":3,"column":43}}],"line":3},"2":{"loc":{"start":{"line":12,"column":13},"end":{"line":12,"column":37}},"type":"binary-expr","locations":[{"start":{"line":12,"column":13},"end":{"line":12,"column":29}},{"start":{"line":12,"column":33},"end":{"line":12,"column":37}}],"line":12}},"s":{"0":4,"1":4,"2":4,"3":4,"4":4,"5":4,"6":4,"7":4,"8":4,"9":4,"10":4,"11":4,"12":4,"13":4,"14":4},"f":{},"b":{"0":[4,0],"1":[4,4],"2":[4,0]},"_coverageSchema":"1a1c01bbd47fc00a2c39e90264f33305004495a9","hash":"2f5613e4153d256e8248d08e84445186cc075954"}
,"/media/robi/DATA 2/hacktiv8/phase3/minggu3/certify2/server/controller/EventController.js": {"path":"/media/robi/DATA 2/hacktiv8/phase3/minggu3/certify2/server/controller/EventController.js","statementMap":{"0":{"start":{"line":1,"column":29},"end":{"line":1,"column":49}},"1":{"start":{"line":5,"column":4},"end":{"line":5,"column":49}},"2":{"start":{"line":6,"column":4},"end":{"line":18,"column":5}},"3":{"start":{"line":7,"column":32},"end":{"line":7,"column":42}},"4":{"start":{"line":9,"column":24},"end":{"line":12,"column":8}},"5":{"start":{"line":14,"column":6},"end":{"line":14,"column":42}},"6":{"start":{"line":16,"column":6},"end":{"line":16,"column":23}},"7":{"start":{"line":17,"column":6},"end":{"line":17,"column":16}},"8":{"start":{"line":22,"column":4},"end":{"line":22,"column":47}},"9":{"start":{"line":23,"column":4},"end":{"line":42,"column":5}},"10":{"start":{"line":24,"column":41},"end":{"line":24,"column":51}},"11":{"start":{"line":26,"column":24},"end":{"line":29,"column":8}},"12":{"start":{"line":31,"column":6},"end":{"line":33,"column":7}},"13":{"start":{"line":32,"column":8},"end":{"line":32,"column":81}},"14":{"start":{"line":35,"column":20},"end":{"line":37,"column":7}},"15":{"start":{"line":36,"column":19},"end":{"line":36,"column":47}},"16":{"start":{"line":38,"column":6},"end":{"line":38,"column":38}},"17":{"start":{"line":40,"column":6},"end":{"line":40,"column":23}},"18":{"start":{"line":41,"column":6},"end":{"line":41,"column":16}},"19":{"start":{"line":46,"column":4},"end":{"line":46,"column":33}},"20":{"start":{"line":47,"column":4},"end":{"line":62,"column":5}},"21":{"start":{"line":48,"column":30},"end":{"line":48,"column":40}},"22":{"start":{"line":49,"column":36},"end":{"line":49,"column":44}},"23":{"start":{"line":51,"column":24},"end":{"line":56,"column":8}},"24":{"start":{"line":57,"column":6},"end":{"line":57,"column":28}},"25":{"start":{"line":58,"column":6},"end":{"line":58,"column":49}},"26":{"start":{"line":60,"column":6},"end":{"line":60,"column":23}},"27":{"start":{"line":61,"column":6},"end":{"line":61,"column":16}},"28":{"start":{"line":66,"column":4},"end":{"line":85,"column":5}},"29":{"start":{"line":67,"column":36},"end":{"line":67,"column":44}},"30":{"start":{"line":68,"column":26},"end":{"line":68,"column":36}},"31":{"start":{"line":69,"column":24},"end":{"line":79,"column":7}},"32":{"start":{"line":81,"column":6},"end":{"line":81,"column":49}},"33":{"start":{"line":83,"column":6},"end":{"line":83,"column":23}},"34":{"start":{"line":84,"column":6},"end":{"line":84,"column":16}},"35":{"start":{"line":89,"column":4},"end":{"line":102,"column":5}},"36":{"start":{"line":90,"column":26},"end":{"line":90,"column":36}},"37":{"start":{"line":92,"column":20},"end":{"line":92,"column":85}},"38":{"start":{"line":94,"column":6},"end":{"line":94,"column":25}},"39":{"start":{"line":95,"column":6},"end":{"line":97,"column":7}},"40":{"start":{"line":96,"column":8},"end":{"line":96,"column":77}},"41":{"start":{"line":98,"column":6},"end":{"line":98,"column":57}},"42":{"start":{"line":100,"column":6},"end":{"line":100,"column":23}},"43":{"start":{"line":101,"column":6},"end":{"line":101,"column":16}},"44":{"start":{"line":106,"column":0},"end":{"line":106,"column":33}}},"fnMap":{"0":{"name":"(anonymous_0)","decl":{"start":{"line":4,"column":2},"end":{"line":4,"column":3}},"loc":{"start":{"line":4,"column":50},"end":{"line":19,"column":3}},"line":4},"1":{"name":"(anonymous_1)","decl":{"start":{"line":21,"column":2},"end":{"line":21,"column":3}},"loc":{"start":{"line":21,"column":49},"end":{"line":43,"column":3}},"line":21},"2":{"name":"(anonymous_2)","decl":{"start":{"line":36,"column":8},"end":{"line":36,"column":9}},"loc":{"start":{"line":36,"column":19},"end":{"line":36,"column":47}},"line":36},"3":{"name":"(anonymous_3)","decl":{"start":{"line":45,"column":2},"end":{"line":45,"column":3}},"loc":{"start":{"line":45,"column":40},"end":{"line":63,"column":3}},"line":45},"4":{"name":"(anonymous_4)","decl":{"start":{"line":65,"column":2},"end":{"line":65,"column":3}},"loc":{"start":{"line":65,"column":41},"end":{"line":86,"column":3}},"line":65},"5":{"name":"(anonymous_5)","decl":{"start":{"line":88,"column":2},"end":{"line":88,"column":3}},"loc":{"start":{"line":88,"column":43},"end":{"line":103,"column":3}},"line":88}},"branchMap":{"0":{"loc":{"start":{"line":31,"column":6},"end":{"line":33,"column":7}},"type":"if","locations":[{"start":{"line":31,"column":6},"end":{"line":33,"column":7}},{"start":{"line":31,"column":6},"end":{"line":33,"column":7}}],"line":31},"1":{"loc":{"start":{"line":95,"column":6},"end":{"line":97,"column":7}},"type":"if","locations":[{"start":{"line":95,"column":6},"end":{"line":97,"column":7}},{"start":{"line":95,"column":6},"end":{"line":97,"column":7}}],"line":95}},"s":{"0":4,"1":0,"2":0,"3":0,"4":0,"5":0,"6":0,"7":0,"8":2,"9":2,"10":2,"11":2,"12":2,"13":1,"14":1,"15":1,"16":1,"17":1,"18":1,"19":1,"20":1,"21":1,"22":1,"23":1,"24":1,"25":1,"26":0,"27":0,"28":1,"29":1,"30":1,"31":1,"32":1,"33":0,"34":0,"35":2,"36":2,"37":2,"38":2,"39":2,"40":1,"41":1,"42":1,"43":1,"44":4},"f":{"0":0,"1":2,"2":1,"3":1,"4":1,"5":2},"b":{"0":[1,1],"1":[1,1]},"_coverageSchema":"1a1c01bbd47fc00a2c39e90264f33305004495a9","hash":"11cf7180d76c37a457f22ead3225ba2029751c16"}
,"/media/robi/DATA 2/hacktiv8/phase3/minggu3/certify2/server/controller/OrganizerController.js": {"path":"/media/robi/DATA 2/hacktiv8/phase3/minggu3/certify2/server/controller/OrganizerController.js","statementMap":{"0":{"start":{"line":1,"column":20},"end":{"line":1,"column":48}},"1":{"start":{"line":2,"column":24},"end":{"line":2,"column":49}},"2":{"start":{"line":3,"column":38},"end":{"line":3,"column":58}},"3":{"start":{"line":8,"column":4},"end":{"line":8,"column":40}},"4":{"start":{"line":9,"column":36},"end":{"line":9,"column":44}},"5":{"start":{"line":10,"column":4},"end":{"line":23,"column":8}},"6":{"start":{"line":16,"column":8},"end":{"line":19,"column":10}},"7":{"start":{"line":22,"column":8},"end":{"line":22,"column":17}},"8":{"start":{"line":27,"column":4},"end":{"line":27,"column":36}},"9":{"start":{"line":28,"column":30},"end":{"line":28,"column":38}},"10":{"start":{"line":29,"column":4},"end":{"line":48,"column":8}},"11":{"start":{"line":35,"column":8},"end":{"line":35,"column":105}},"12":{"start":{"line":35,"column":27},"end":{"line":35,"column":105}},"13":{"start":{"line":36,"column":26},"end":{"line":36,"column":67}},"14":{"start":{"line":37,"column":8},"end":{"line":37,"column":101}},"15":{"start":{"line":37,"column":23},"end":{"line":37,"column":101}},"16":{"start":{"line":38,"column":29},"end":{"line":41,"column":10}},"17":{"start":{"line":42,"column":8},"end":{"line":44,"column":10}},"18":{"start":{"line":47,"column":8},"end":{"line":47,"column":17}},"19":{"start":{"line":51,"column":4},"end":{"line":51,"column":30}},"20":{"start":{"line":52,"column":30},"end":{"line":52,"column":40}},"21":{"start":{"line":53,"column":4},"end":{"line":73,"column":8}},"22":{"start":{"line":63,"column":8},"end":{"line":67,"column":9}},"23":{"start":{"line":64,"column":10},"end":{"line":66,"column":12}},"24":{"start":{"line":68,"column":8},"end":{"line":68,"column":54}},"25":{"start":{"line":69,"column":8},"end":{"line":69,"column":43}},"26":{"start":{"line":72,"column":8},"end":{"line":72,"column":17}},"27":{"start":{"line":79,"column":0},"end":{"line":79,"column":37}}},"fnMap":{"0":{"name":"(anonymous_0)","decl":{"start":{"line":7,"column":2},"end":{"line":7,"column":3}},"loc":{"start":{"line":7,"column":35},"end":{"line":25,"column":3}},"line":7},"1":{"name":"(anonymous_1)","decl":{"start":{"line":15,"column":12},"end":{"line":15,"column":13}},"loc":{"start":{"line":15,"column":29},"end":{"line":20,"column":7}},"line":15},"2":{"name":"(anonymous_2)","decl":{"start":{"line":21,"column":13},"end":{"line":21,"column":14}},"loc":{"start":{"line":21,"column":21},"end":{"line":23,"column":7}},"line":21},"3":{"name":"(anonymous_3)","decl":{"start":{"line":26,"column":2},"end":{"line":26,"column":3}},"loc":{"start":{"line":26,"column":32},"end":{"line":49,"column":3}},"line":26},"4":{"name":"(anonymous_4)","decl":{"start":{"line":34,"column":12},"end":{"line":34,"column":13}},"loc":{"start":{"line":34,"column":29},"end":{"line":45,"column":7}},"line":34},"5":{"name":"(anonymous_5)","decl":{"start":{"line":46,"column":13},"end":{"line":46,"column":14}},"loc":{"start":{"line":46,"column":20},"end":{"line":48,"column":7}},"line":46},"6":{"name":"(anonymous_6)","decl":{"start":{"line":50,"column":2},"end":{"line":50,"column":3}},"loc":{"start":{"line":50,"column":30},"end":{"line":76,"column":3}},"line":50},"7":{"name":"(anonymous_7)","decl":{"start":{"line":62,"column":12},"end":{"line":62,"column":13}},"loc":{"start":{"line":62,"column":29},"end":{"line":70,"column":7}},"line":62},"8":{"name":"(anonymous_8)","decl":{"start":{"line":71,"column":13},"end":{"line":71,"column":14}},"loc":{"start":{"line":71,"column":20},"end":{"line":73,"column":7}},"line":71}},"branchMap":{"0":{"loc":{"start":{"line":35,"column":8},"end":{"line":35,"column":105}},"type":"if","locations":[{"start":{"line":35,"column":8},"end":{"line":35,"column":105}},{"start":{"line":35,"column":8},"end":{"line":35,"column":105}}],"line":35},"1":{"loc":{"start":{"line":37,"column":8},"end":{"line":37,"column":101}},"type":"if","locations":[{"start":{"line":37,"column":8},"end":{"line":37,"column":101}},{"start":{"line":37,"column":8},"end":{"line":37,"column":101}}],"line":37},"2":{"loc":{"start":{"line":63,"column":8},"end":{"line":67,"column":9}},"type":"if","locations":[{"start":{"line":63,"column":8},"end":{"line":67,"column":9}},{"start":{"line":63,"column":8},"end":{"line":67,"column":9}}],"line":63}},"s":{"0":4,"1":4,"2":4,"3":5,"4":5,"5":5,"6":3,"7":2,"8":5,"9":5,"10":5,"11":5,"12":4,"13":1,"14":1,"15":0,"16":1,"17":1,"18":4,"19":0,"20":0,"21":0,"22":0,"23":0,"24":0,"25":0,"26":0,"27":4},"f":{"0":5,"1":3,"2":2,"3":5,"4":5,"5":4,"6":0,"7":0,"8":0},"b":{"0":[4,1],"1":[0,1],"2":[0,0]},"_coverageSchema":"1a1c01bbd47fc00a2c39e90264f33305004495a9","hash":"515ffe392232bf0005db57c180b990c3a243af13"}
,"/media/robi/DATA 2/hacktiv8/phase3/minggu3/certify2/server/controller/RecipientController.js": {"path":"/media/robi/DATA 2/hacktiv8/phase3/minggu3/certify2/server/controller/RecipientController.js","statementMap":{"0":{"start":{"line":1,"column":22},"end":{"line":1,"column":42}},"1":{"start":{"line":5,"column":4},"end":{"line":21,"column":5}},"2":{"start":{"line":6,"column":22},"end":{"line":6,"column":41}},"3":{"start":{"line":7,"column":32},"end":{"line":7,"column":51}},"4":{"start":{"line":8,"column":34},"end":{"line":8,"column":36}},"5":{"start":{"line":9,"column":6},"end":{"line":13,"column":8}},"6":{"start":{"line":10,"column":8},"end":{"line":12,"column":9}},"7":{"start":{"line":11,"column":10},"end":{"line":11,"column":196}},"8":{"start":{"line":14,"column":6},"end":{"line":14,"column":41}},"9":{"start":{"line":15,"column":25},"end":{"line":15,"column":74}},"10":{"start":{"line":16,"column":6},"end":{"line":16,"column":38}},"11":{"start":{"line":20,"column":6},"end":{"line":20,"column":17}},"12":{"start":{"line":25,"column":4},"end":{"line":34,"column":5}},"13":{"start":{"line":26,"column":32},"end":{"line":26,"column":60}},"14":{"start":{"line":27,"column":24},"end":{"line":27,"column":77}},"15":{"start":{"line":28,"column":6},"end":{"line":30,"column":7}},"16":{"start":{"line":29,"column":8},"end":{"line":29,"column":81}},"17":{"start":{"line":31,"column":6},"end":{"line":31,"column":37}},"18":{"start":{"line":33,"column":6},"end":{"line":33,"column":17}},"19":{"start":{"line":37,"column":4},"end":{"line":47,"column":5}},"20":{"start":{"line":38,"column":26},"end":{"line":38,"column":49}},"21":{"start":{"line":39,"column":24},"end":{"line":39,"column":61}},"22":{"start":{"line":40,"column":6},"end":{"line":42,"column":7}},"23":{"start":{"line":41,"column":8},"end":{"line":41,"column":83}},"24":{"start":{"line":43,"column":6},"end":{"line":43,"column":57}},"25":{"start":{"line":44,"column":6},"end":{"line":44,"column":75}},"26":{"start":{"line":46,"column":6},"end":{"line":46,"column":17}},"27":{"start":{"line":50,"column":4},"end":{"line":62,"column":5}},"28":{"start":{"line":51,"column":26},"end":{"line":51,"column":48}},"29":{"start":{"line":52,"column":24},"end":{"line":52,"column":61}},"30":{"start":{"line":53,"column":6},"end":{"line":55,"column":7}},"31":{"start":{"line":54,"column":8},"end":{"line":54,"column":83}},"32":{"start":{"line":56,"column":22},"end":{"line":56,"column":41}},"33":{"start":{"line":57,"column":66},"end":{"line":57,"column":74}},"34":{"start":{"line":58,"column":31},"end":{"line":58,"column":160}},"35":{"start":{"line":59,"column":6},"end":{"line":59,"column":50}},"36":{"start":{"line":61,"column":6},"end":{"line":61,"column":17}},"37":{"start":{"line":66,"column":0},"end":{"line":66,"column":36}}},"fnMap":{"0":{"name":"(anonymous_0)","decl":{"start":{"line":4,"column":2},"end":{"line":4,"column":3}},"loc":{"start":{"line":4,"column":45},"end":{"line":22,"column":3}},"line":4},"1":{"name":"(anonymous_1)","decl":{"start":{"line":9,"column":32},"end":{"line":9,"column":33}},"loc":{"start":{"line":9,"column":54},"end":{"line":13,"column":7}},"line":9},"2":{"name":"(anonymous_2)","decl":{"start":{"line":24,"column":2},"end":{"line":24,"column":3}},"loc":{"start":{"line":24,"column":44},"end":{"line":35,"column":3}},"line":24},"3":{"name":"(anonymous_3)","decl":{"start":{"line":36,"column":2},"end":{"line":36,"column":3}},"loc":{"start":{"line":36,"column":47},"end":{"line":48,"column":3}},"line":36},"4":{"name":"(anonymous_4)","decl":{"start":{"line":49,"column":2},"end":{"line":49,"column":3}},"loc":{"start":{"line":49,"column":44},"end":{"line":63,"column":3}},"line":49}},"branchMap":{"0":{"loc":{"start":{"line":10,"column":8},"end":{"line":12,"column":9}},"type":"if","locations":[{"start":{"line":10,"column":8},"end":{"line":12,"column":9}},{"start":{"line":10,"column":8},"end":{"line":12,"column":9}}],"line":10},"1":{"loc":{"start":{"line":28,"column":6},"end":{"line":30,"column":7}},"type":"if","locations":[{"start":{"line":28,"column":6},"end":{"line":30,"column":7}},{"start":{"line":28,"column":6},"end":{"line":30,"column":7}}],"line":28},"2":{"loc":{"start":{"line":40,"column":6},"end":{"line":42,"column":7}},"type":"if","locations":[{"start":{"line":40,"column":6},"end":{"line":42,"column":7}},{"start":{"line":40,"column":6},"end":{"line":42,"column":7}}],"line":40},"3":{"loc":{"start":{"line":53,"column":6},"end":{"line":55,"column":7}},"type":"if","locations":[{"start":{"line":53,"column":6},"end":{"line":55,"column":7}},{"start":{"line":53,"column":6},"end":{"line":55,"column":7}}],"line":53}},"s":{"0":4,"1":1,"2":1,"3":1,"4":1,"5":1,"6":2,"7":1,"8":1,"9":1,"10":1,"11":0,"12":1,"13":1,"14":1,"15":1,"16":0,"17":1,"18":0,"19":1,"20":1,"21":1,"22":1,"23":0,"24":1,"25":1,"26":0,"27":1,"28":1,"29":1,"30":1,"31":0,"32":1,"33":1,"34":1,"35":1,"36":0,"37":4},"f":{"0":1,"1":2,"2":1,"3":1,"4":1},"b":{"0":[1,1],"1":[0,1],"2":[0,1],"3":[0,1]},"_coverageSchema":"1a1c01bbd47fc00a2c39e90264f33305004495a9","hash":"59af7cc0b6271ac94c277da6df58ca2afc24c45b"}
,"/media/robi/DATA 2/hacktiv8/phase3/minggu3/certify2/server/helpers/bcrypt.js": {"path":"/media/robi/DATA 2/hacktiv8/phase3/minggu3/certify2/server/helpers/bcrypt.js","statementMap":{"0":{"start":{"line":1,"column":15},"end":{"line":1,"column":34}},"1":{"start":{"line":3,"column":13},"end":{"line":7,"column":1}},"2":{"start":{"line":4,"column":15},"end":{"line":4,"column":37}},"3":{"start":{"line":5,"column":15},"end":{"line":5,"column":46}},"4":{"start":{"line":6,"column":2},"end":{"line":6,"column":14}},"5":{"start":{"line":9,"column":16},"end":{"line":11,"column":1}},"6":{"start":{"line":10,"column":2},"end":{"line":10,"column":38}},"7":{"start":{"line":13,"column":0},"end":{"line":16,"column":2}}},"fnMap":{"0":{"name":"(anonymous_0)","decl":{"start":{"line":3,"column":13},"end":{"line":3,"column":14}},"loc":{"start":{"line":3,"column":27},"end":{"line":7,"column":1}},"line":3},"1":{"name":"(anonymous_1)","decl":{"start":{"line":9,"column":16},"end":{"line":9,"column":17}},"loc":{"start":{"line":9,"column":30},"end":{"line":11,"column":1}},"line":9}},"branchMap":{},"s":{"0":4,"1":4,"2":18,"3":18,"4":18,"5":4,"6":1,"7":4},"f":{"0":18,"1":1},"b":{},"_coverageSchema":"1a1c01bbd47fc00a2c39e90264f33305004495a9","hash":"4bbe8548926239d1c6247aad941f346a75bc27c8"}
,"/media/robi/DATA 2/hacktiv8/phase3/minggu3/certify2/server/helpers/jwt.js": {"path":"/media/robi/DATA 2/hacktiv8/phase3/minggu3/certify2/server/helpers/jwt.js","statementMap":{"0":{"start":{"line":1,"column":12},"end":{"line":1,"column":35}},"1":{"start":{"line":4,"column":2},"end":{"line":4,"column":47}},"2":{"start":{"line":8,"column":2},"end":{"line":8,"column":50}},"3":{"start":{"line":12,"column":0},"end":{"line":12,"column":41}}},"fnMap":{"0":{"name":"createToken","decl":{"start":{"line":3,"column":9},"end":{"line":3,"column":20}},"loc":{"start":{"line":3,"column":26},"end":{"line":5,"column":1}},"line":3},"1":{"name":"verify","decl":{"start":{"line":7,"column":9},"end":{"line":7,"column":15}},"loc":{"start":{"line":7,"column":23},"end":{"line":9,"column":1}},"line":7}},"branchMap":{},"s":{"0":4,"1":1,"2":7,"3":4},"f":{"0":1,"1":7},"b":{},"_coverageSchema":"1a1c01bbd47fc00a2c39e90264f33305004495a9","hash":"05dc1dba57203d9660349eddb596165915dcba57"}
,"/media/robi/DATA 2/hacktiv8/phase3/minggu3/certify2/server/middlewares/authentication.js": {"path":"/media/robi/DATA 2/hacktiv8/phase3/minggu3/certify2/server/middlewares/authentication.js","statementMap":{"0":{"start":{"line":1,"column":19},"end":{"line":1,"column":44}},"1":{"start":{"line":2,"column":20},"end":{"line":2,"column":40}},"2":{"start":{"line":4,"column":0},"end":{"line":41,"column":1}},"3":{"start":{"line":5,"column":23},"end":{"line":5,"column":47}},"4":{"start":{"line":7,"column":2},"end":{"line":12,"column":3}},"5":{"start":{"line":8,"column":4},"end":{"line":11,"column":6}},"6":{"start":{"line":13,"column":2},"end":{"line":40,"column":3}},"7":{"start":{"line":14,"column":21},"end":{"line":14,"column":41}},"8":{"start":{"line":16,"column":4},"end":{"line":21,"column":5}},"9":{"start":{"line":17,"column":6},"end":{"line":20,"column":8}},"10":{"start":{"line":23,"column":22},"end":{"line":27,"column":6}},"11":{"start":{"line":28,"column":4},"end":{"line":33,"column":5}},"12":{"start":{"line":29,"column":6},"end":{"line":32,"column":8}},"13":{"start":{"line":35,"column":4},"end":{"line":35,"column":27}},"14":{"start":{"line":36,"column":4},"end":{"line":36,"column":10}},"15":{"start":{"line":39,"column":4},"end":{"line":39,"column":13}}},"fnMap":{"0":{"name":"(anonymous_0)","decl":{"start":{"line":4,"column":17},"end":{"line":4,"column":18}},"loc":{"start":{"line":4,"column":43},"end":{"line":41,"column":1}},"line":4}},"branchMap":{"0":{"loc":{"start":{"line":7,"column":2},"end":{"line":12,"column":3}},"type":"if","locations":[{"start":{"line":7,"column":2},"end":{"line":12,"column":3}},{"start":{"line":7,"column":2},"end":{"line":12,"column":3}}],"line":7},"1":{"loc":{"start":{"line":16,"column":4},"end":{"line":21,"column":5}},"type":"if","locations":[{"start":{"line":16,"column":4},"end":{"line":21,"column":5}},{"start":{"line":16,"column":4},"end":{"line":21,"column":5}}],"line":16},"2":{"loc":{"start":{"line":28,"column":4},"end":{"line":33,"column":5}},"type":"if","locations":[{"start":{"line":28,"column":4},"end":{"line":33,"column":5}},{"start":{"line":28,"column":4},"end":{"line":33,"column":5}}],"line":28}},"s":{"0":4,"1":4,"2":4,"3":13,"4":13,"5":6,"6":7,"7":7,"8":7,"9":0,"10":7,"11":7,"12":1,"13":6,"14":6,"15":0},"f":{"0":13},"b":{"0":[6,7],"1":[0,7],"2":[1,6]},"_coverageSchema":"1a1c01bbd47fc00a2c39e90264f33305004495a9","hash":"dcb0d80a88b2b3c612e58160866066f4998495f5"}
,"/media/robi/DATA 2/hacktiv8/phase3/minggu3/certify2/server/middlewares/errorHandler.js": {"path":"/media/robi/DATA 2/hacktiv8/phase3/minggu3/certify2/server/middlewares/errorHandler.js","statementMap":{"0":{"start":{"line":1,"column":0},"end":{"line":46,"column":1}},"1":{"start":{"line":2,"column":15},"end":{"line":2,"column":19}},"2":{"start":{"line":3,"column":2},"end":{"line":44,"column":3}},"3":{"start":{"line":5,"column":6},"end":{"line":5,"column":36}},"4":{"start":{"line":6,"column":6},"end":{"line":6,"column":11}},"5":{"start":{"line":9,"column":6},"end":{"line":13,"column":8}},"6":{"start":{"line":10,"column":8},"end":{"line":12,"column":9}},"7":{"start":{"line":14,"column":6},"end":{"line":14,"column":34}},"8":{"start":{"line":15,"column":6},"end":{"line":15,"column":11}},"9":{"start":{"line":17,"column":6},"end":{"line":21,"column":8}},"10":{"start":{"line":18,"column":8},"end":{"line":20,"column":9}},"11":{"start":{"line":22,"column":6},"end":{"line":22,"column":34}},"12":{"start":{"line":24,"column":6},"end":{"line":24,"column":11}},"13":{"start":{"line":26,"column":6},"end":{"line":28,"column":8}},"14":{"start":{"line":29,"column":6},"end":{"line":29,"column":11}},"15":{"start":{"line":32,"column":6},"end":{"line":34,"column":8}},"16":{"start":{"line":35,"column":6},"end":{"line":35,"column":11}},"17":{"start":{"line":38,"column":6},"end":{"line":40,"column":8}},"18":{"start":{"line":41,"column":6},"end":{"line":41,"column":11}},"19":{"start":{"line":43,"column":6},"end":{"line":43,"column":31}}},"fnMap":{"0":{"name":"(anonymous_0)","decl":{"start":{"line":1,"column":17},"end":{"line":1,"column":18}},"loc":{"start":{"line":1,"column":42},"end":{"line":46,"column":1}},"line":1},"1":{"name":"(anonymous_1)","decl":{"start":{"line":9,"column":30},"end":{"line":9,"column":31}},"loc":{"start":{"line":9,"column":35},"end":{"line":13,"column":7}},"line":9},"2":{"name":"(anonymous_2)","decl":{"start":{"line":17,"column":30},"end":{"line":17,"column":31}},"loc":{"start":{"line":17,"column":35},"end":{"line":21,"column":7}},"line":17}},"branchMap":{"0":{"loc":{"start":{"line":3,"column":2},"end":{"line":44,"column":3}},"type":"switch","locations":[{"start":{"line":4,"column":4},"end":{"line":6,"column":11}},{"start":{"line":8,"column":4},"end":{"line":15,"column":11}},{"start":{"line":16,"column":4},"end":{"line":24,"column":11}},{"start":{"line":25,"column":4},"end":{"line":29,"column":11}},{"start":{"line":31,"column":4},"end":{"line":35,"column":11}},{"start":{"line":37,"column":4},"end":{"line":41,"column":11}},{"start":{"line":42,"column":4},"end":{"line":43,"column":31}}],"line":3}},"s":{"0":4,"1":15,"2":15,"3":2,"4":2,"5":0,"6":0,"7":0,"8":0,"9":2,"10":5,"11":2,"12":2,"13":4,"14":4,"15":6,"16":6,"17":1,"18":1,"19":0},"f":{"0":15,"1":0,"2":5},"b":{"0":[2,0,2,4,6,1,0]},"_coverageSchema":"1a1c01bbd47fc00a2c39e90264f33305004495a9","hash":"426ccb585dc7ee349f9b6800b9556e5d05f96d3d"}
,"/media/robi/DATA 2/hacktiv8/phase3/minggu3/certify2/server/models/event.js": {"path":"/media/robi/DATA 2/hacktiv8/phase3/minggu3/certify2/server/models/event.js","statementMap":{"0":{"start":{"line":2,"column":18},"end":{"line":2,"column":38}},"1":{"start":{"line":3,"column":0},"end":{"line":51,"column":2}},"2":{"start":{"line":12,"column":6},"end":{"line":12,"column":40}},"3":{"start":{"line":13,"column":6},"end":{"line":13,"column":38}},"4":{"start":{"line":16,"column":2},"end":{"line":49,"column":4}},"5":{"start":{"line":50,"column":2},"end":{"line":50,"column":15}}},"fnMap":{"0":{"name":"(anonymous_0)","decl":{"start":{"line":3,"column":17},"end":{"line":3,"column":18}},"loc":{"start":{"line":3,"column":43},"end":{"line":51,"column":1}},"line":3},"1":{"name":"(anonymous_1)","decl":{"start":{"line":10,"column":4},"end":{"line":10,"column":5}},"loc":{"start":{"line":10,"column":29},"end":{"line":14,"column":5}},"line":10}},"branchMap":{},"s":{"0":4,"1":4,"2":4,"3":4,"4":4,"5":4},"f":{"0":4,"1":4},"b":{},"_coverageSchema":"1a1c01bbd47fc00a2c39e90264f33305004495a9","hash":"720c0205e27492c46fd850aaf74362fb0427e728"}
,"/media/robi/DATA 2/hacktiv8/phase3/minggu3/certify2/server/models/index.js": {"path":"/media/robi/DATA 2/hacktiv8/phase3/minggu3/certify2/server/models/index.js","statementMap":{"0":{"start":{"line":3,"column":11},"end":{"line":3,"column":24}},"1":{"start":{"line":4,"column":13},"end":{"line":4,"column":28}},"2":{"start":{"line":5,"column":18},"end":{"line":5,"column":38}},"3":{"start":{"line":6,"column":17},"end":{"line":6,"column":42}},"4":{"start":{"line":7,"column":12},"end":{"line":7,"column":49}},"5":{"start":{"line":8,"column":15},"end":{"line":8,"column":65}},"6":{"start":{"line":9,"column":11},"end":{"line":9,"column":13}},"7":{"start":{"line":12,"column":0},"end":{"line":16,"column":1}},"8":{"start":{"line":13,"column":2},"end":{"line":13,"column":74}},"9":{"start":{"line":15,"column":2},"end":{"line":15,"column":87}},"10":{"start":{"line":18,"column":0},"end":{"line":26,"column":5}},"11":{"start":{"line":21,"column":4},"end":{"line":21,"column":90}},"12":{"start":{"line":24,"column":18},"end":{"line":24,"column":85}},"13":{"start":{"line":25,"column":4},"end":{"line":25,"column":27}},"14":{"start":{"line":28,"column":0},"end":{"line":32,"column":3}},"15":{"start":{"line":29,"column":2},"end":{"line":31,"column":3}},"16":{"start":{"line":30,"column":4},"end":{"line":30,"column":32}},"17":{"start":{"line":34,"column":0},"end":{"line":34,"column":25}},"18":{"start":{"line":35,"column":0},"end":{"line":35,"column":25}},"19":{"start":{"line":37,"column":0},"end":{"line":37,"column":20}}},"fnMap":{"0":{"name":"(anonymous_0)","decl":{"start":{"line":20,"column":10},"end":{"line":20,"column":11}},"loc":{"start":{"line":20,"column":18},"end":{"line":22,"column":3}},"line":20},"1":{"name":"(anonymous_1)","decl":{"start":{"line":23,"column":11},"end":{"line":23,"column":12}},"loc":{"start":{"line":23,"column":19},"end":{"line":26,"column":3}},"line":23},"2":{"name":"(anonymous_2)","decl":{"start":{"line":28,"column":24},"end":{"line":28,"column":25}},"loc":{"start":{"line":28,"column":37},"end":{"line":32,"column":1}},"line":28}},"branchMap":{"0":{"loc":{"start":{"line":7,"column":12},"end":{"line":7,"column":49}},"type":"binary-expr","locations":[{"start":{"line":7,"column":12},"end":{"line":7,"column":32}},{"start":{"line":7,"column":36},"end":{"line":7,"column":49}}],"line":7},"1":{"loc":{"start":{"line":12,"column":0},"end":{"line":16,"column":1}},"type":"if","locations":[{"start":{"line":12,"column":0},"end":{"line":16,"column":1}},{"start":{"line":12,"column":0},"end":{"line":16,"column":1}}],"line":12},"2":{"loc":{"start":{"line":21,"column":11},"end":{"line":21,"column":89}},"type":"binary-expr","locations":[{"start":{"line":21,"column":12},"end":{"line":21,"column":35}},{"start":{"line":21,"column":41},"end":{"line":21,"column":58}},{"start":{"line":21,"column":64},"end":{"line":21,"column":88}}],"line":21},"3":{"loc":{"start":{"line":29,"column":2},"end":{"line":31,"column":3}},"type":"if","locations":[{"start":{"line":29,"column":2},"end":{"line":31,"column":3}},{"start":{"line":29,"column":2},"end":{"line":31,"column":3}}],"line":29}},"s":{"0":4,"1":4,"2":4,"3":4,"4":4,"5":4,"6":4,"7":4,"8":0,"9":4,"10":4,"11":16,"12":12,"13":12,"14":4,"15":12,"16":12,"17":4,"18":4,"19":4},"f":{"0":16,"1":12,"2":12},"b":{"0":[4,0],"1":[0,4],"2":[16,16,12],"3":[12,0]},"_coverageSchema":"1a1c01bbd47fc00a2c39e90264f33305004495a9","hash":"42d383388127411d194a858f66e4337705039aa4"}
,"/media/robi/DATA 2/hacktiv8/phase3/minggu3/certify2/server/models/organizer.js": {"path":"/media/robi/DATA 2/hacktiv8/phase3/minggu3/certify2/server/models/organizer.js","statementMap":{"0":{"start":{"line":2,"column":18},"end":{"line":2,"column":38}},"1":{"start":{"line":3,"column":17},"end":{"line":3,"column":45}},"2":{"start":{"line":4,"column":0},"end":{"line":62,"column":2}},"3":{"start":{"line":13,"column":6},"end":{"line":13,"column":38}},"4":{"start":{"line":16,"column":2},"end":{"line":60,"column":4}},"5":{"start":{"line":56,"column":10},"end":{"line":56,"column":55}},"6":{"start":{"line":61,"column":2},"end":{"line":61,"column":19}}},"fnMap":{"0":{"name":"(anonymous_0)","decl":{"start":{"line":4,"column":17},"end":{"line":4,"column":18}},"loc":{"start":{"line":4,"column":43},"end":{"line":62,"column":1}},"line":4},"1":{"name":"(anonymous_1)","decl":{"start":{"line":11,"column":4},"end":{"line":11,"column":5}},"loc":{"start":{"line":11,"column":29},"end":{"line":14,"column":5}},"line":11},"2":{"name":"(anonymous_2)","decl":{"start":{"line":55,"column":22},"end":{"line":55,"column":23}},"loc":{"start":{"line":55,"column":45},"end":{"line":57,"column":9}},"line":55}},"branchMap":{},"s":{"0":4,"1":4,"2":4,"3":4,"4":4,"5":18,"6":4},"f":{"0":4,"1":4,"2":18},"b":{},"_coverageSchema":"1a1c01bbd47fc00a2c39e90264f33305004495a9","hash":"dfbf8f7d989413b4a07b41d901443ff88efdae64"}
,"/media/robi/DATA 2/hacktiv8/phase3/minggu3/certify2/server/models/recipient.js": {"path":"/media/robi/DATA 2/hacktiv8/phase3/minggu3/certify2/server/models/recipient.js","statementMap":{"0":{"start":{"line":2,"column":18},"end":{"line":2,"column":38}},"1":{"start":{"line":3,"column":0},"end":{"line":70,"column":2}},"2":{"start":{"line":12,"column":6},"end":{"line":12,"column":40}},"3":{"start":{"line":15,"column":2},"end":{"line":68,"column":4}},"4":{"start":{"line":69,"column":2},"end":{"line":69,"column":19}}},"fnMap":{"0":{"name":"(anonymous_0)","decl":{"start":{"line":3,"column":17},"end":{"line":3,"column":18}},"loc":{"start":{"line":3,"column":43},"end":{"line":70,"column":1}},"line":3},"1":{"name":"(anonymous_1)","decl":{"start":{"line":10,"column":4},"end":{"line":10,"column":5}},"loc":{"start":{"line":10,"column":29},"end":{"line":13,"column":5}},"line":10}},"branchMap":{},"s":{"0":4,"1":4,"2":4,"3":4,"4":4},"f":{"0":4,"1":4},"b":{},"_coverageSchema":"1a1c01bbd47fc00a2c39e90264f33305004495a9","hash":"b4ddc916cdff56c39988757b1e2186e4284bfb81"}
,"/media/robi/DATA 2/hacktiv8/phase3/minggu3/certify2/server/routes/EventRouter.js": {"path":"/media/robi/DATA 2/hacktiv8/phase3/minggu3/certify2/server/routes/EventRouter.js","statementMap":{"0":{"start":{"line":1,"column":20},"end":{"line":1,"column":47}},"1":{"start":{"line":2,"column":24},"end":{"line":2,"column":64}},"2":{"start":{"line":3,"column":23},"end":{"line":3,"column":63}},"3":{"start":{"line":6,"column":0},"end":{"line":6,"column":102}},"4":{"start":{"line":8,"column":0},"end":{"line":8,"column":83}},"5":{"start":{"line":10,"column":0},"end":{"line":10,"column":79}},"6":{"start":{"line":12,"column":0},"end":{"line":12,"column":85}},"7":{"start":{"line":14,"column":0},"end":{"line":14,"column":29}}},"fnMap":{},"branchMap":{},"s":{"0":4,"1":4,"2":4,"3":4,"4":4,"5":4,"6":4,"7":4},"f":{},"b":{},"_coverageSchema":"1a1c01bbd47fc00a2c39e90264f33305004495a9","hash":"1ec131c4ab9b7cce663eb085882fcc3c9af0e27d"}
,"/media/robi/DATA 2/hacktiv8/phase3/minggu3/certify2/server/routes/OrganizerRouter.js": {"path":"/media/robi/DATA 2/hacktiv8/phase3/minggu3/certify2/server/routes/OrganizerRouter.js","statementMap":{"0":{"start":{"line":1,"column":24},"end":{"line":1,"column":51}},"1":{"start":{"line":2,"column":28},"end":{"line":2,"column":72}},"2":{"start":{"line":3,"column":23},"end":{"line":3,"column":63}},"3":{"start":{"line":5,"column":0},"end":{"line":5,"column":64}},"4":{"start":{"line":6,"column":0},"end":{"line":6,"column":58}},"5":{"start":{"line":7,"column":0},"end":{"line":7,"column":36}},"6":{"start":{"line":8,"column":0},"end":{"line":8,"column":65}},"7":{"start":{"line":10,"column":0},"end":{"line":10,"column":33}}},"fnMap":{},"branchMap":{},"s":{"0":4,"1":4,"2":4,"3":4,"4":4,"5":4,"6":4,"7":4},"f":{},"b":{},"_coverageSchema":"1a1c01bbd47fc00a2c39e90264f33305004495a9","hash":"8945308667b192e30e2bd58b67e1a468529abe51"}
,"/media/robi/DATA 2/hacktiv8/phase3/minggu3/certify2/server/routes/RecipientRouter.js": {"path":"/media/robi/DATA 2/hacktiv8/phase3/minggu3/certify2/server/routes/RecipientRouter.js","statementMap":{"0":{"start":{"line":1,"column":24},"end":{"line":1,"column":51}},"1":{"start":{"line":2,"column":27},"end":{"line":2,"column":71}},"2":{"start":{"line":3,"column":23},"end":{"line":3,"column":63}},"3":{"start":{"line":5,"column":0},"end":{"line":5,"column":78}},"4":{"start":{"line":6,"column":0},"end":{"line":6,"column":86}},"5":{"start":{"line":7,"column":0},"end":{"line":7,"column":86}},"6":{"start":{"line":8,"column":0},"end":{"line":8,"column":89}},"7":{"start":{"line":11,"column":0},"end":{"line":11,"column":33}}},"fnMap":{},"branchMap":{},"s":{"0":4,"1":4,"2":4,"3":4,"4":4,"5":4,"6":4,"7":4},"f":{},"b":{},"_coverageSchema":"1a1c01bbd47fc00a2c39e90264f33305004495a9","hash":"e4eb86139c5b47ad390fa3284408b567d542573d"}
,"/media/robi/DATA 2/hacktiv8/phase3/minggu3/certify2/server/routes/index.js": {"path":"/media/robi/DATA 2/hacktiv8/phase3/minggu3/certify2/server/routes/index.js","statementMap":{"0":{"start":{"line":1,"column":15},"end":{"line":1,"column":42}},"1":{"start":{"line":2,"column":20},"end":{"line":2,"column":44}},"2":{"start":{"line":3,"column":24},"end":{"line":3,"column":52}},"3":{"start":{"line":4,"column":24},"end":{"line":4,"column":52}},"4":{"start":{"line":6,"column":0},"end":{"line":6,"column":24}},"5":{"start":{"line":7,"column":0},"end":{"line":7,"column":28}},"6":{"start":{"line":8,"column":0},"end":{"line":8,"column":28}},"7":{"start":{"line":10,"column":0},"end":{"line":10,"column":24}}},"fnMap":{},"branchMap":{},"s":{"0":4,"1":4,"2":4,"3":4,"4":4,"5":4,"6":4,"7":4},"f":{},"b":{},"_coverageSchema":"1a1c01bbd47fc00a2c39e90264f33305004495a9","hash":"61f454e40b5ba8fb63e7ddd43802b5649fc959c4"}
}
