TN:
SF:app.js
FNF:0
FNH:0
DA:1,4
DA:3,4
DA:4,4
DA:7,4
DA:8,4
DA:9,4
DA:10,4
DA:11,4
DA:12,4
DA:14,4
DA:15,4
DA:16,4
DA:18,4
DA:20,4
DA:22,4
LF:15
LH:15
BRDA:3,0,0,4
BRDA:3,0,1,0
BRDA:3,1,0,4
BRDA:3,1,1,4
BRDA:12,2,0,4
BRDA:12,2,1,0
BRF:6
BRH:4
end_of_record
TN:
SF:controller/EventController.js
FN:4,(anonymous_0)
FN:21,(anonymous_1)
FN:36,(anonymous_2)
FN:45,(anonymous_3)
FN:65,(anonymous_4)
FN:88,(anonymous_5)
FNF:6
FNH:5
FNDA:0,(anonymous_0)
FNDA:2,(anonymous_1)
FNDA:1,(anonymous_2)
FNDA:1,(anonymous_3)
FNDA:1,(anonymous_4)
FNDA:2,(anonymous_5)
DA:1,4
DA:5,0
DA:6,0
DA:7,0
DA:9,0
DA:14,0
DA:16,0
DA:17,0
DA:22,2
DA:23,2
DA:24,2
DA:26,2
DA:31,2
DA:32,1
DA:35,1
DA:36,1
DA:38,1
DA:40,1
DA:41,1
DA:46,1
DA:47,1
DA:48,1
DA:49,1
DA:51,1
DA:57,1
DA:58,1
DA:60,0
DA:61,0
DA:66,1
DA:67,1
DA:68,1
DA:69,1
DA:81,1
DA:83,0
DA:84,0
DA:89,2
DA:90,2
DA:92,2
DA:94,2
DA:95,2
DA:96,1
DA:98,1
DA:100,1
DA:101,1
DA:106,4
LF:45
LH:34
BRDA:31,0,0,1
BRDA:31,0,1,1
BRDA:95,1,0,1
BRDA:95,1,1,1
BRF:4
BRH:4
end_of_record
TN:
SF:controller/OrganizerController.js
FN:7,(anonymous_0)
FN:15,(anonymous_1)
FN:21,(anonymous_2)
FN:26,(anonymous_3)
FN:34,(anonymous_4)
FN:46,(anonymous_5)
FN:50,(anonymous_6)
FN:62,(anonymous_7)
FN:71,(anonymous_8)
FNF:9
FNH:6
FNDA:5,(anonymous_0)
FNDA:3,(anonymous_1)
FNDA:2,(anonymous_2)
FNDA:5,(anonymous_3)
FNDA:5,(anonymous_4)
FNDA:4,(anonymous_5)
FNDA:0,(anonymous_6)
FNDA:0,(anonymous_7)
FNDA:0,(anonymous_8)
DA:1,4
DA:2,4
DA:3,4
DA:8,5
DA:9,5
DA:10,5
DA:16,3
DA:22,2
DA:27,5
DA:28,5
DA:29,5
DA:35,5
DA:36,1
DA:37,1
DA:38,1
DA:42,1
DA:47,4
DA:51,0
DA:52,0
DA:53,0
DA:63,0
DA:64,0
DA:68,0
DA:69,0
DA:72,0
DA:79,4
LF:26
LH:18
BRDA:35,0,0,4
BRDA:35,0,1,1
BRDA:37,1,0,0
BRDA:37,1,1,1
BRDA:63,2,0,0
BRDA:63,2,1,0
BRF:6
BRH:3
end_of_record
TN:
SF:controller/RecipientController.js
FN:4,(anonymous_0)
FN:9,(anonymous_1)
FN:24,(anonymous_2)
FN:36,(anonymous_3)
FN:49,(anonymous_4)
FNF:5
FNH:5
FNDA:1,(anonymous_0)
FNDA:2,(anonymous_1)
FNDA:1,(anonymous_2)
FNDA:1,(anonymous_3)
FNDA:1,(anonymous_4)
DA:1,4
DA:5,1
DA:6,1
DA:7,1
DA:8,1
DA:9,1
DA:10,2
DA:11,1
DA:14,1
DA:15,1
DA:16,1
DA:20,0
DA:25,1
DA:26,1
DA:27,1
DA:28,1
DA:29,0
DA:31,1
DA:33,0
DA:37,1
DA:38,1
DA:39,1
DA:40,1
DA:41,0
DA:43,1
DA:44,1
DA:46,0
DA:50,1
DA:51,1
DA:52,1
DA:53,1
DA:54,0
DA:56,1
DA:57,1
DA:58,1
DA:59,1
DA:61,0
DA:66,4
LF:38
LH:31
BRDA:10,0,0,1
BRDA:10,0,1,1
BRDA:28,1,0,0
BRDA:28,1,1,1
BRDA:40,2,0,0
BRDA:40,2,1,1
BRDA:53,3,0,0
BRDA:53,3,1,1
BRF:8
BRH:5
end_of_record
TN:
SF:helpers/bcrypt.js
FN:3,(anonymous_0)
FN:9,(anonymous_1)
FNF:2
FNH:2
FNDA:18,(anonymous_0)
FNDA:1,(anonymous_1)
DA:1,4
DA:3,4
DA:4,18
DA:5,18
DA:6,18
DA:9,4
DA:10,1
DA:13,4
LF:8
LH:8
BRF:0
BRH:0
end_of_record
TN:
SF:helpers/jwt.js
FN:3,createToken
FN:7,verify
FNF:2
FNH:2
FNDA:1,createToken
FNDA:7,verify
DA:1,4
DA:4,1
DA:8,7
DA:12,4
LF:4
LH:4
BRF:0
BRH:0
end_of_record
TN:
SF:middlewares/authentication.js
FN:4,(anonymous_0)
FNF:1
FNH:1
FNDA:13,(anonymous_0)
DA:1,4
DA:2,4
DA:4,4
DA:5,13
DA:7,13
DA:8,6
DA:13,7
DA:14,7
DA:16,7
DA:17,0
DA:23,7
DA:28,7
DA:29,1
DA:35,6
DA:36,6
DA:39,0
LF:16
LH:14
BRDA:7,0,0,6
BRDA:7,0,1,7
BRDA:16,1,0,0
BRDA:16,1,1,7
BRDA:28,2,0,1
BRDA:28,2,1,6
BRF:6
BRH:5
end_of_record
TN:
SF:middlewares/errorHandler.js
FN:1,(anonymous_0)
FN:9,(anonymous_1)
FN:17,(anonymous_2)
FNF:3
FNH:2
FNDA:15,(anonymous_0)
FNDA:0,(anonymous_1)
FNDA:5,(anonymous_2)
DA:1,4
DA:2,15
DA:3,15
DA:5,2
DA:6,2
DA:9,0
DA:10,0
DA:14,0
DA:15,0
DA:17,2
DA:18,5
DA:22,2
DA:24,2
DA:26,4
DA:29,4
DA:32,6
DA:35,6
DA:38,1
DA:41,1
DA:43,0
LF:20
LH:15
BRDA:3,0,0,2
BRDA:3,0,1,0
BRDA:3,0,2,2
BRDA:3,0,3,4
BRDA:3,0,4,6
BRDA:3,0,5,1
BRDA:3,0,6,0
BRF:7
BRH:5
end_of_record
TN:
SF:models/event.js
FN:3,(anonymous_0)
FN:10,(anonymous_1)
FNF:2
FNH:2
FNDA:4,(anonymous_0)
FNDA:4,(anonymous_1)
DA:2,4
DA:3,4
DA:12,4
DA:13,4
DA:16,4
DA:50,4
LF:6
LH:6
BRF:0
BRH:0
end_of_record
TN:
SF:models/index.js
FN:20,(anonymous_0)
FN:23,(anonymous_1)
FN:28,(anonymous_2)
FNF:3
FNH:3
FNDA:16,(anonymous_0)
FNDA:12,(anonymous_1)
FNDA:12,(anonymous_2)
DA:3,4
DA:4,4
DA:5,4
DA:6,4
DA:7,4
DA:8,4
DA:9,4
DA:12,4
DA:13,0
DA:15,4
DA:18,4
DA:21,16
DA:24,12
DA:25,12
DA:28,4
DA:29,12
DA:30,12
DA:34,4
DA:35,4
DA:37,4
LF:20
LH:19
BRDA:7,0,0,4
BRDA:7,0,1,0
BRDA:12,1,0,0
BRDA:12,1,1,4
BRDA:21,2,0,16
BRDA:21,2,1,16
BRDA:21,2,2,12
BRDA:29,3,0,12
BRDA:29,3,1,0
BRF:9
BRH:6
end_of_record
TN:
SF:models/organizer.js
FN:4,(anonymous_0)
FN:11,(anonymous_1)
FN:55,(anonymous_2)
FNF:3
FNH:3
FNDA:4,(anonymous_0)
FNDA:4,(anonymous_1)
FNDA:18,(anonymous_2)
DA:2,4
DA:3,4
DA:4,4
DA:13,4
DA:16,4
DA:56,18
DA:61,4
LF:7
LH:7
BRF:0
BRH:0
end_of_record
TN:
SF:models/recipient.js
FN:3,(anonymous_0)
FN:10,(anonymous_1)
FNF:2
FNH:2
FNDA:4,(anonymous_0)
FNDA:4,(anonymous_1)
DA:2,4
DA:3,4
DA:12,4
DA:15,4
DA:69,4
LF:5
LH:5
BRF:0
BRH:0
end_of_record
TN:
SF:routes/EventRouter.js
FNF:0
FNH:0
DA:1,4
DA:2,4
DA:3,4
DA:6,4
DA:8,4
DA:10,4
DA:12,4
DA:14,4
LF:8
LH:8
BRF:0
BRH:0
end_of_record
TN:
SF:routes/OrganizerRouter.js
FNF:0
FNH:0
DA:1,4
DA:2,4
DA:3,4
DA:5,4
DA:6,4
DA:7,4
DA:8,4
DA:10,4
LF:8
LH:8
BRF:0
BRH:0
end_of_record
TN:
SF:routes/RecipientRouter.js
FNF:0
FNH:0
DA:1,4
DA:2,4
DA:3,4
DA:5,4
DA:6,4
DA:7,4
DA:8,4
DA:11,4
LF:8
LH:8
BRF:0
BRH:0
end_of_record
TN:
SF:routes/index.js
FNF:0
FNH:0
DA:1,4
DA:2,4
DA:3,4
DA:4,4
DA:6,4
DA:7,4
DA:8,4
DA:10,4
LF:8
LH:8
BRF:0
BRH:0
end_of_record
